<html>
<body>
<pre>
<h1>Vision Build Log</h1>
<h2>Project:</h2>
C:\Users\leidian\Desktop\The First Week\LX7\四开关.uvproj
Project File Date:  09/06/2023

<h2>Output:</h2>
Build target '目标 1'
compiling 四开关.c...
四开关.c(23): error C202: 'm': undefined identifier
四开关.c(25): error C202: 'm': undefined identifier
目标未创建
Build target '目标 1'
assembling STARTUP.A51...
compiling 四开关.c...
linking...
*** WARNING L16: UNCALLED SEGMENT, IGNORED FOR OVERLAY PROCESS
    SEGMENT: ?PR?DELAY?______
Program Size: data=9.0 xdata=0 code=84
creating hex file from "四开关"...
"四开关" - 0 Error(s), 1 Warning(s).
Build target '目标 1'
assembling STARTUP.A51...
compiling 四开关.c...
linking...
*** WARNING L16: UNCALLED SEGMENT, IGNORED FOR OVERLAY PROCESS
    SEGMENT: ?PR?DELAY?______
Program Size: data=9.0 xdata=0 code=84
creating hex file from "四开关"...
"四开关" - 0 Error(s), 1 Warning(s).
Build target '目标 1'
assembling STARTUP.A51...
compiling 四开关.c...
linking...
Program Size: data=9.0 xdata=0 code=87
creating hex file from "四开关"...
"四开关" - 0 Error(s), 0 Warning(s).
Build target '目标 1'
assembling STARTUP.A51...
compiling 四开关.c...
linking...
Program Size: data=9.0 xdata=0 code=87
creating hex file from "四开关"...
"四开关" - 0 Error(s), 0 Warning(s).
Build target '目标 1'
assembling STARTUP.A51...
compiling 四开关.c...
linking...
Program Size: data=10.0 xdata=0 code=126
creating hex file from "四开关"...
"四开关" - 0 Error(s), 0 Warning(s).
Build target '目标 1'
assembling STARTUP.A51...
compiling 四开关.c...
linking...
Program Size: data=10.0 xdata=0 code=123
creating hex file from "四开关"...
"四开关" - 0 Error(s), 0 Warning(s).
Build target '目标 1'
assembling STARTUP.A51...
compiling 四开关.c...
linking...
Program Size: data=10.0 xdata=0 code=126
creating hex file from "四开关"...
"四开关" - 0 Error(s), 0 Warning(s).
Build target '目标 1'
assembling STARTUP.A51...
compiling 四开关.c...
四开关.c(34): warning C206: 'ffor': missing function-prototype
四开关.c(34): error C267: 'ffor': requires ANSI-style prototype
四开关.c(34): error C141: syntax error near ';', expected ','
四开关.c(34): error C141: syntax error near ')', expected ';'
目标未创建
Build target '目标 1'
assembling STARTUP.A51...
compiling 四开关.c...
linking...
Program Size: data=9.0 xdata=0 code=122
creating hex file from "四开关"...
"四开关" - 0 Error(s), 0 Warning(s).
Build target '目标 1'
assembling STARTUP.A51...
compiling 四开关.c...
linking...
Program Size: data=9.0 xdata=0 code=119
creating hex file from "四开关"...
"四开关" - 0 Error(s), 0 Warning(s).
Build target '目标 1'
assembling STARTUP.A51...
compiling 四开关.c...
linking...
Program Size: data=9.0 xdata=0 code=122
creating hex file from "四开关"...
"四开关" - 0 Error(s), 0 Warning(s).
Build target '目标 1'
assembling STARTUP.A51...
compiling 四开关.c...
linking...
Program Size: data=9.0 xdata=0 code=122
creating hex file from "四开关"...
"四开关" - 0 Error(s), 0 Warning(s).
Build target '目标 1'
assembling STARTUP.A51...
compiling 四开关.c...
linking...
Program Size: data=9.0 xdata=0 code=122
creating hex file from "四开关"...
"四开关" - 0 Error(s), 0 Warning(s).
Build target '目标 1'
assembling STARTUP.A51...
compiling 四开关.c...
linking...
Program Size: data=9.0 xdata=0 code=122
creating hex file from "四开关"...
"四开关" - 0 Error(s), 0 Warning(s).
Build target '目标 1'
assembling STARTUP.A51...
compiling 四开关.c...
linking...
Program Size: data=9.0 xdata=0 code=119
creating hex file from "四开关"...
"四开关" - 0 Error(s), 0 Warning(s).
Build target '目标 1'
assembling STARTUP.A51...
compiling 四开关.c...
linking...
Program Size: data=9.0 xdata=0 code=119
creating hex file from "四开关"...
"四开关" - 0 Error(s), 0 Warning(s).
Build target '目标 1'
assembling STARTUP.A51...
compiling 四开关.c...
linking...
Program Size: data=9.0 xdata=0 code=122
creating hex file from "四开关"...
"四开关" - 0 Error(s), 0 Warning(s).
Build target '目标 1'
assembling STARTUP.A51...
compiling 四开关.c...
linking...
Program Size: data=9.0 xdata=0 code=122
creating hex file from "四开关"...
"四开关" - 0 Error(s), 0 Warning(s).
