<html>
<body>
<pre>
<h1>Vision Build Log</h1>
<h2>Project:</h2>
F:\Code\单片机\LX9\秒表.uvproj
Project File Date:  09/14/2023

<h2>Output:</h2>
Build target '目标 1'
assembling STARTUP.A51...
compiling 秒表.c...
秒表.c(19): error C141: syntax error near ')', expected ';'
目标未创建
Build target '目标 1'
assembling STARTUP.A51...
compiling 秒表.c...
秒表.c(20): error C141: syntax error near ')', expected ';'
目标未创建
Build target '目标 1'
compiling 秒表.c...
秒表.c(20): error C141: syntax error near ')', expected ';'
目标未创建
Build target '目标 1'
assembling STARTUP.A51...
compiling 秒表.c...
秒表.c(20): error C141: syntax error near ')', expected ';'
目标未创建
Build target '目标 1'
assembling STARTUP.A51...
compiling 秒表.c...
秒表.c(20): error C141: syntax error near ')', expected ';'
目标未创建
Build target '目标 1'
assembling STARTUP.A51...
compiling 秒表.c...
linking...
Program Size: data=21.0 xdata=0 code=236
creating hex file from "秒表"...
"秒表" - 0 Error(s), 0 Warning(s).
Build target '目标 1'
assembling STARTUP.A51...
compiling 秒表.c...
linking...
Program Size: data=21.0 xdata=0 code=236
creating hex file from "秒表"...
"秒表" - 0 Error(s), 0 Warning(s).
Build target '目标 1'
assembling STARTUP.A51...
compiling 秒表.c...
linking...
Program Size: data=19.0 xdata=0 code=236
creating hex file from "秒表"...
"秒表" - 0 Error(s), 0 Warning(s).
Build target '目标 1'
assembling STARTUP.A51...
compiling 秒表.c...
linking...
Program Size: data=19.0 xdata=0 code=236
creating hex file from "秒表"...
"秒表" - 0 Error(s), 0 Warning(s).
Build target '目标 1'
compiling 秒表.c...
linking...
Program Size: data=19.0 xdata=0 code=238
creating hex file from "秒表"...
"秒表" - 0 Error(s), 0 Warning(s).
compiling 秒表.c...
秒表.c - 0 Error(s), 0 Warning(s).
Build target '目标 1'
linking...
Program Size: data=19.0 xdata=0 code=232
creating hex file from "秒表"...
"秒表" - 0 Error(s), 0 Warning(s).
compiling 秒表.c...
秒表.c - 0 Error(s), 0 Warning(s).
Build target '目标 1'
linking...
Program Size: data=19.0 xdata=0 code=232
creating hex file from "秒表"...
"秒表" - 0 Error(s), 0 Warning(s).
Build target '目标 1'
assembling STARTUP.A51...
compiling 秒表.c...
linking...
Program Size: data=19.0 xdata=0 code=232
creating hex file from "秒表"...
"秒表" - 0 Error(s), 0 Warning(s).
Build target '目标 1'
assembling STARTUP.A51...
compiling 秒表.c...
linking...
Program Size: data=19.0 xdata=0 code=238
creating hex file from "秒表"...
"秒表" - 0 Error(s), 0 Warning(s).
Build target '目标 1'
assembling STARTUP.A51...
compiling 秒表.c...
linking...
Program Size: data=19.0 xdata=0 code=243
creating hex file from "秒表"...
"秒表" - 0 Error(s), 0 Warning(s).
compiling 秒表.c...
秒表.c - 0 Error(s), 0 Warning(s).
Build target '目标 1'
linking...
Program Size: data=19.0 xdata=0 code=277
creating hex file from "秒表"...
"秒表" - 0 Error(s), 0 Warning(s).
compiling 秒表.c...
秒表.c - 0 Error(s), 0 Warning(s).
Build target '目标 1'
linking...
Program Size: data=21.0 xdata=0 code=301
creating hex file from "秒表"...
"秒表" - 0 Error(s), 0 Warning(s).
Build target '目标 1'
linking...
Program Size: data=21.0 xdata=0 code=301
creating hex file from "秒表"...
"秒表" - 0 Error(s), 0 Warning(s).
Build target '目标 1'
compiling 秒表.c...
秒表.c(8): error C141: syntax error near ';', expected 'hdata'
秒表.c(9): error C231: 'i': redefinition
秒表.c(9): error C231: 'i': redefinition
秒表.c(10): error C231: 'j': redefinition
秒表.c(10): error C231: 'j': redefinition
秒表.c(14): error C141: syntax error near '{', expected ';'
秒表.c(15): error C231: 'i': redefinition
秒表.c(15): error C231: 'j': redefinition
目标未创建
Build target '目标 1'
compiling 秒表.c...
秒表.c(8): error C141: syntax error near ';', expected 'hdata'
秒表.c(9): error C231: 'i': redefinition
秒表.c(9): error C231: 'i': redefinition
秒表.c(10): error C231: 'j': redefinition
秒表.c(10): error C231: 'j': redefinition
秒表.c(14): error C141: syntax error near '{', expected ';'
秒表.c(15): error C231: 'i': redefinition
秒表.c(15): error C231: 'j': redefinition
目标未创建
compiling 秒表.c...
秒表.c - 0 Error(s), 0 Warning(s).
Build target '目标 1'
linking...
Program Size: data=19.0 xdata=0 code=279
creating hex file from "秒表"...
"秒表" - 0 Error(s), 0 Warning(s).
Build target '目标 1'
assembling STARTUP.A51...
compiling 秒表.c...
linking...
Program Size: data=19.0 xdata=0 code=278
creating hex file from "秒表"...
"秒表" - 0 Error(s), 0 Warning(s).
