<html>
<body>
<pre>
<h1>Vision Build Log</h1>
<h2>Project:</h2>
F:\Code\单片机\LX12\jianpan.uvproj
Project File Date:  10/11/2023

<h2>Output:</h2>
Build target '目标 1'
assembling STARTUP.A51...
compiling jianpan.c...
jianpan.c(4): error C141: syntax error near '[', expected 'hdata'
目标未创建
Build target '目标 1'
assembling STARTUP.A51...
compiling jianpan.c...
jianpan.c(4): error C141: syntax error near '[', expected 'hdata'
目标未创建
Build target '目标 1'
assembling STARTUP.A51...
compiling jianpan.c...
jianpan.c(6): error C141: syntax error near 'void', expected ';'
jianpan.c(7): error C141: syntax error near '{', expected ';'
jianpan.c(9): error C141: syntax error near 'for', expected 'hdata'
jianpan.c(9): error C141: syntax error near '=', expected ')'
jianpan.c(9): error C129: missing ';' before '<'
目标未创建
Build target '目标 1'
assembling STARTUP.A51...
compiling jianpan.c...
linking...
*** WARNING L16: UNCALLED SEGMENT, IGNORED FOR OVERLAY PROCESS
    SEGMENT: ?PR?DELAY?JIANPAN
*** WARNING L1: UNRESOLVED EXTERNAL SYMBOL
    SYMBOL:  MAIN
    MODULE:  D:\DEVELOP\KEIL\C51\LIB\C51S.LIB (?C_INIT)
*** WARNING L2: REFERENCE MADE TO UNRESOLVED EXTERNAL
    SYMBOL:  MAIN
    MODULE:  D:\DEVELOP\KEIL\C51\LIB\C51S.LIB (?C_INIT)
    ADDRESS: 0010H
Program Size: data=19.0 xdata=0 code=187
creating hex file from "jianpan"...
"jianpan" - 0 Error(s), 3 Warning(s).
Build target '目标 1'
assembling STARTUP.A51...
compiling jianpan.c...
jianpan.c(17): error C141: syntax error near 'while', expected ';'
jianpan.c(19): error C141: syntax error near '!', expected ','
jianpan.c(19): error C141: syntax error near ')', expected ';'
jianpan.c(24): error C141: syntax error near ')', expected 'hdata'
目标未创建
Build target '目标 1'
assembling STARTUP.A51...
compiling jianpan.c...
jianpan.c(19): error C141: syntax error near '!', expected ','
jianpan.c(19): error C141: syntax error near ')', expected ';'
jianpan.c(24): error C141: syntax error near ')', expected 'hdata'
目标未创建
Build target '目标 1'
assembling STARTUP.A51...
compiling jianpan.c...
jianpan.c(24): error C141: syntax error near ')', expected 'hdata'
目标未创建
Build target '目标 1'
assembling STARTUP.A51...
compiling jianpan.c...
linking...
Program Size: data=20.0 xdata=0 code=215
creating hex file from "jianpan"...
"jianpan" - 0 Error(s), 0 Warning(s).
Build target '目标 1'
assembling STARTUP.A51...
compiling jianpan.c...
linking...
Program Size: data=20.0 xdata=0 code=236
creating hex file from "jianpan"...
"jianpan" - 0 Error(s), 0 Warning(s).
Build target '目标 1'
assembling STARTUP.A51...
compiling jianpan.c...
linking...
Program Size: data=20.0 xdata=0 code=271
creating hex file from "jianpan"...
"jianpan" - 0 Error(s), 0 Warning(s).
Build target '目标 1'
assembling STARTUP.A51...
compiling jianpan.c...
jianpan.c(34): error C141: syntax error near ';', expected 'sizeof'
目标未创建
Build target '目标 1'
assembling STARTUP.A51...
compiling jianpan.c...
linking...
Program Size: data=20.0 xdata=0 code=268
creating hex file from "jianpan"...
"jianpan" - 0 Error(s), 0 Warning(s).
Build target '目标 1'
assembling STARTUP.A51...
compiling jianpan.c...
linking...
Program Size: data=20.0 xdata=0 code=265
creating hex file from "jianpan"...
"jianpan" - 0 Error(s), 0 Warning(s).
Build target '目标 1'
assembling STARTUP.A51...
compiling jianpan.c...
linking...
Program Size: data=20.0 xdata=0 code=281
creating hex file from "jianpan"...
"jianpan" - 0 Error(s), 0 Warning(s).
Build target '目标 1'
assembling STARTUP.A51...
compiling jianpan.c...
linking...
*** WARNING L16: UNCALLED SEGMENT, IGNORED FOR OVERLAY PROCESS
    SEGMENT: ?PR?DOWN?JIANPAN
Program Size: data=20.0 xdata=0 code=291
creating hex file from "jianpan"...
"jianpan" - 0 Error(s), 1 Warning(s).
Build target '目标 1'
assembling STARTUP.A51...
compiling jianpan.c...
jianpan.c(48): error C141: syntax error near '}', expected ';'
目标未创建
Build target '目标 1'
assembling STARTUP.A51...
compiling jianpan.c...
linking...
*** WARNING L16: UNCALLED SEGMENT, IGNORED FOR OVERLAY PROCESS
    SEGMENT: ?PR?DOWN?JIANPAN
Program Size: data=20.0 xdata=0 code=304
creating hex file from "jianpan"...
"jianpan" - 0 Error(s), 1 Warning(s).
Build target '目标 1'
assembling STARTUP.A51...
compiling jianpan.c...
jianpan.c(43): error C141: syntax error near 'void', expected '__asm'
目标未创建
Build target '目标 1'
assembling STARTUP.A51...
compiling jianpan.c...
jianpan.c(44): error C141: syntax error near 'void', expected '__asm'
目标未创建
Build target '目标 1'
assembling STARTUP.A51...
compiling jianpan.c...
jianpan.c(44): error C141: syntax error near 'void', expected '__asm'
目标未创建
Build target '目标 1'
assembling STARTUP.A51...
compiling jianpan.c...
jianpan.c(44): error C141: syntax error near 'void', expected '__asm'
目标未创建
Build target '目标 1'
assembling STARTUP.A51...
compiling jianpan.c...
linking...
*** WARNING L16: UNCALLED SEGMENT, IGNORED FOR OVERLAY PROCESS
    SEGMENT: ?PR?DOWN?JIANPAN
Program Size: data=20.0 xdata=0 code=307
creating hex file from "jianpan"...
"jianpan" - 0 Error(s), 1 Warning(s).
Build target '目标 1'
assembling STARTUP.A51...
compiling jianpan.c...
linking...
Program Size: data=20.0 xdata=0 code=310
creating hex file from "jianpan"...
"jianpan" - 0 Error(s), 0 Warning(s).
Build target '目标 1'
assembling STARTUP.A51...
compiling jianpan.c...
linking...
Program Size: data=20.0 xdata=0 code=310
creating hex file from "jianpan"...
"jianpan" - 0 Error(s), 0 Warning(s).
Build target '目标 1'
assembling STARTUP.A51...
compiling jianpan.c...
linking...
Program Size: data=20.0 xdata=0 code=310
creating hex file from "jianpan"...
"jianpan" - 0 Error(s), 0 Warning(s).
Build target '目标 1'
assembling STARTUP.A51...
compiling jianpan.c...
linking...
Program Size: data=20.0 xdata=0 code=310
creating hex file from "jianpan"...
"jianpan" - 0 Error(s), 0 Warning(s).
Build target '目标 1'
assembling STARTUP.A51...
compiling jianpan.c...
jianpan.c(45): error C141: syntax error near 'down', expected ';'
目标未创建
Build target '目标 1'
assembling STARTUP.A51...
compiling jianpan.c...
linking...
Program Size: data=20.0 xdata=0 code=313
creating hex file from "jianpan"...
"jianpan" - 0 Error(s), 0 Warning(s).
Build target '目标 1'
assembling STARTUP.A51...
compiling jianpan.c...
linking...
Program Size: data=20.0 xdata=0 code=313
creating hex file from "jianpan"...
"jianpan" - 0 Error(s), 0 Warning(s).
Build target '目标 1'
assembling STARTUP.A51...
compiling jianpan.c...
linking...
Program Size: data=20.0 xdata=0 code=326
creating hex file from "jianpan"...
"jianpan" - 0 Error(s), 0 Warning(s).
Build target '目标 1'
assembling STARTUP.A51...
compiling jianpan.c...
jianpan.c(54): error C141: syntax error near 'unsigned', expected '__asm'
jianpan.c(54): error C202: 'k': undefined identifier
jianpan.c(55): error C202: 'k': undefined identifier
目标未创建
Build target '目标 1'
assembling STARTUP.A51...
compiling jianpan.c...
linking...
Program Size: data=20.0 xdata=0 code=330
creating hex file from "jianpan"...
"jianpan" - 0 Error(s), 0 Warning(s).
Build target '目标 1'
assembling STARTUP.A51...
compiling jianpan.c...
linking...
Program Size: data=20.0 xdata=0 code=330
creating hex file from "jianpan"...
"jianpan" - 0 Error(s), 0 Warning(s).
Build target '目标 1'
assembling STARTUP.A51...
compiling jianpan.c...
linking...
Program Size: data=20.0 xdata=0 code=330
creating hex file from "jianpan"...
"jianpan" - 0 Error(s), 0 Warning(s).
Build target '目标 1'
assembling STARTUP.A51...
compiling jianpan.c...
linking...
Program Size: data=20.0 xdata=0 code=332
creating hex file from "jianpan"...
"jianpan" - 0 Error(s), 0 Warning(s).
Build target '目标 1'
assembling STARTUP.A51...
compiling jianpan.c...
jianpan.c(54): error C141: syntax error near 'unsigned', expected '__asm'
jianpan.c(54): error C202: 'k': undefined identifier
jianpan.c(55): error C202: 'k': undefined identifier
jianpan.c(57): error C202: 'k': undefined identifier
目标未创建
Build target '目标 1'
assembling STARTUP.A51...
compiling jianpan.c...
jianpan.c(42): error C141: syntax error near 'unsigned', expected '__asm'
jianpan.c(42): error C202: 'k': undefined identifier
jianpan.c(56): error C202: 'k': undefined identifier
jianpan.c(58): error C202: 'k': undefined identifier
目标未创建
Build target '目标 1'
assembling STARTUP.A51...
compiling jianpan.c...
jianpan.c(42): error C141: syntax error near 'unsigned', expected '__asm'
jianpan.c(42): error C202: 'k': undefined identifier
jianpan.c(56): error C202: 'k': undefined identifier
jianpan.c(58): error C202: 'k': undefined identifier
目标未创建
Build target '目标 1'
assembling STARTUP.A51...
compiling jianpan.c...
jianpan.c(42): error C141: syntax error near 'unsigned', expected '__asm'
jianpan.c(42): error C202: 'n': undefined identifier
jianpan.c(56): error C202: 'k': undefined identifier
jianpan.c(58): error C202: 'k': undefined identifier
目标未创建
Build target '目标 1'
assembling STARTUP.A51...
compiling jianpan.c...
jianpan.c(3): warning C317: attempt to redefine macro 'uchar'
jianpan.c(43): error C202: 'uint': undefined identifier
jianpan.c(43): error C141: syntax error near 'n', expected ';'
jianpan.c(57): error C202: 'k': undefined identifier
jianpan.c(59): error C202: 'k': undefined identifier
目标未创建
Build target '目标 1'
assembling STARTUP.A51...
compiling jianpan.c...
jianpan.c(3): warning C317: attempt to redefine macro 'uchar'
jianpan.c(43): error C202: 'uint': undefined identifier
jianpan.c(43): error C141: syntax error near 'n', expected ';'
jianpan.c(57): error C202: 'k': undefined identifier
jianpan.c(59): error C202: 'k': undefined identifier
目标未创建
Build target '目标 1'
assembling STARTUP.A51...
compiling jianpan.c...
jianpan.c(3): warning C317: attempt to redefine macro 'uchar'
jianpan.c(43): error C202: 'uint': undefined identifier
jianpan.c(43): error C141: syntax error near 'k', expected ';'
jianpan.c(57): error C202: 'k': undefined identifier
jianpan.c(59): error C202: 'k': undefined identifier
目标未创建
Build target '目标 1'
assembling STARTUP.A51...
compiling jianpan.c...
jianpan.c(3): warning C317: attempt to redefine macro 'uchar'
jianpan.c(43): error C202: 'uint': undefined identifier
jianpan.c(43): error C141: syntax error near 'k', expected ';'
jianpan.c(57): error C202: 'k': undefined identifier
jianpan.c(59): error C202: 'k': undefined identifier
目标未创建
Build target '目标 1'
assembling STARTUP.A51...
compiling jianpan.c...
jianpan.c(3): warning C317: attempt to redefine macro 'uchar'
jianpan.c(43): error C202: 'uint': undefined identifier
jianpan.c(43): error C141: syntax error near 'k', expected ';'
jianpan.c(57): error C202: 'k': undefined identifier
jianpan.c(59): error C202: 'k': undefined identifier
目标未创建
Build target '目标 1'
assembling STARTUP.A51...
compiling jianpan.c...
jianpan.c(43): error C141: syntax error near 'unsigned', expected '__asm'
jianpan.c(43): error C202: 'k': undefined identifier
jianpan.c(57): error C202: 'k': undefined identifier
jianpan.c(59): error C202: 'k': undefined identifier
目标未创建
Build target '目标 1'
assembling STARTUP.A51...
compiling jianpan.c...
linking...
Program Size: data=22.0 xdata=0 code=372
creating hex file from "jianpan"...
"jianpan" - 0 Error(s), 0 Warning(s).
Build target '目标 1'
assembling STARTUP.A51...
compiling jianpan.c...
linking...
Program Size: data=22.0 xdata=0 code=375
creating hex file from "jianpan"...
"jianpan" - 0 Error(s), 0 Warning(s).
Build target '目标 1'
assembling STARTUP.A51...
compiling jianpan.c...
linking...
Program Size: data=22.0 xdata=0 code=378
creating hex file from "jianpan"...
"jianpan" - 0 Error(s), 0 Warning(s).
Build target '目标 1'
assembling STARTUP.A51...
compiling jianpan.c...
linking...
Program Size: data=22.0 xdata=0 code=378
creating hex file from "jianpan"...
"jianpan" - 0 Error(s), 0 Warning(s).
Build target '目标 1'
assembling STARTUP.A51...
compiling jianpan.c...
linking...
Program Size: data=22.0 xdata=0 code=378
creating hex file from "jianpan"...
"jianpan" - 0 Error(s), 0 Warning(s).
Build target '目标 1'
assembling STARTUP.A51...
compiling jianpan.c...
linking...
Program Size: data=22.0 xdata=0 code=378
creating hex file from "jianpan"...
"jianpan" - 0 Error(s), 0 Warning(s).
Build target '目标 1'
assembling STARTUP.A51...
compiling jianpan.c...
linking...
Program Size: data=22.0 xdata=0 code=382
creating hex file from "jianpan"...
"jianpan" - 0 Error(s), 0 Warning(s).
Build target '目标 1'
assembling STARTUP.A51...
compiling jianpan.c...
linking...
Program Size: data=22.0 xdata=0 code=378
creating hex file from "jianpan"...
"jianpan" - 0 Error(s), 0 Warning(s).
Build target '目标 1'
assembling STARTUP.A51...
compiling jianpan.c...
jianpan.c(40): error C174: return-expression on void-function
目标未创建
Build target '目标 1'
assembling STARTUP.A51...
compiling jianpan.c...
jianpan.c(41): error C174: return-expression on void-function
目标未创建
Build target '目标 1'
assembling STARTUP.A51...
compiling jianpan.c...
jianpan.c(42): error C141: syntax error near '}', expected '__asm'
目标未创建
Build target '目标 1'
assembling STARTUP.A51...
compiling jianpan.c...
linking...
Program Size: data=22.0 xdata=0 code=378
creating hex file from "jianpan"...
"jianpan" - 0 Error(s), 0 Warning(s).
Build target '目标 1'
assembling STARTUP.A51...
compiling jianpan.c...
linking...
Program Size: data=22.0 xdata=0 code=381
creating hex file from "jianpan"...
"jianpan" - 0 Error(s), 0 Warning(s).
Build target '目标 1'
assembling STARTUP.A51...
compiling jianpan.c...
jianpan.c(42): warning C291: not every exit path returns a value
linking...
Program Size: data=22.0 xdata=0 code=384
creating hex file from "jianpan"...
"jianpan" - 0 Error(s), 1 Warning(s).
Build target '目标 1'
assembling STARTUP.A51...
compiling jianpan.c...
jianpan.c(44): warning C291: not every exit path returns a value
linking...
Program Size: data=22.0 xdata=0 code=387
creating hex file from "jianpan"...
"jianpan" - 0 Error(s), 1 Warning(s).
Build target '目标 1'
assembling STARTUP.A51...
compiling jianpan.c...
jianpan.c(43): error C141: syntax error near '[', expected 'sizeof'
jianpan.c(43): error C141: syntax error near ']', expected ';'
目标未创建
Build target '目标 1'
assembling STARTUP.A51...
compiling jianpan.c...
jianpan.c(44): error C141: syntax error near 'return', expected ';'
目标未创建
Build target '目标 1'
assembling STARTUP.A51...
compiling jianpan.c...
jianpan.c(45): warning C291: not every exit path returns a value
linking...
Program Size: data=22.0 xdata=0 code=390
creating hex file from "jianpan"...
"jianpan" - 0 Error(s), 1 Warning(s).
Build target '目标 1'
assembling STARTUP.A51...
compiling jianpan.c...
linking...
Program Size: data=22.0 xdata=0 code=381
creating hex file from "jianpan"...
"jianpan" - 0 Error(s), 0 Warning(s).
Build target '目标 1'
assembling STARTUP.A51...
compiling jianpan.c...
linking...
Program Size: data=22.0 xdata=0 code=381
creating hex file from "jianpan"...
"jianpan" - 0 Error(s), 0 Warning(s).
Build target '目标 1'
assembling STARTUP.A51...
compiling jianpan.c...
linking...
Program Size: data=22.0 xdata=0 code=378
creating hex file from "jianpan"...
"jianpan" - 0 Error(s), 0 Warning(s).
Build target '目标 1'
assembling STARTUP.A51...
compiling jianpan.c...
linking...
Program Size: data=22.0 xdata=0 code=375
creating hex file from "jianpan"...
"jianpan" - 0 Error(s), 0 Warning(s).
Build target '目标 1'
assembling STARTUP.A51...
compiling jianpan.c...
linking...
Program Size: data=22.0 xdata=0 code=375
creating hex file from "jianpan"...
"jianpan" - 0 Error(s), 0 Warning(s).
